#
# There is insufficient memory for the Java Runtime Environment to continue.
# Native memory allocation (malloc) failed to allocate 1048576 bytes for AllocateHeap
# Possible reasons:
#   The system is out of physical RAM or swap space
#   In 32 bit mode, the process size limit was hit
# Possible solutions:
#   Reduce memory load on the system
#   Increase physical memory or swap space
#   Check if swap backing store is full
#   Use 64 bit Java on a 64 bit OS
#   Decrease Java heap size (-Xmx/-Xms)
#   Decrease number of Java threads
#   Decrease Java thread stack sizes (-Xss)
#   Set larger code cache with -XX:ReservedCodeCacheSize=
# This output file may be truncated or incomplete.
#
#  Out of Memory Error (memory/allocation.inline.hpp:61), pid=10352, tid=0x0000000000001414
#
# JRE version:  (8.0_152-b02) (build )
# Java VM: OpenJDK 64-Bit Server VM (25.152-b02 mixed mode windows-amd64 compressed oops)
# Failed to write core dump. Minidumps are not enabled by default on client versions of Windows
#

---------------  T H R E A D  ---------------

Current thread (0x00000000055f7000):  JavaThread "Unknown thread" [_thread_in_vm, id=5140, stack(0x00000000054b0000,0x00000000055b0000)]

Stack: [0x00000000054b0000,0x00000000055b0000]
[error occurred during error reporting (printing stack bounds), id 0xc0000005]

Native frames: (J=compiled Java code, j=interpreted, Vv=VM code, C=native code)


---------------  P R O C E S S  ---------------

Java Threads: ( => current thread )

Other Threads:

=>0x00000000055f7000 (exited) JavaThread "Unknown thread" [_thread_in_vm, id=5140, stack(0x00000000054b0000,0x00000000055b0000)]

VM state:not at safepoint (normal execution)

VM Mutex/Monitor currently owned by a thread: None

Heap:
 PSYoungGen      total 18944K, used 327K [0x00000000feb00000, 0x0000000100000000, 0x0000000100000000)
  eden space 16384K, 2% used [0x00000000feb00000,0x00000000feb51ec8,0x00000000ffb00000)
  from space 2560K, 0% used [0x00000000ffd80000,0x00000000ffd80000,0x0000000100000000)
  to   space 2560K, 0% used [0x00000000ffb00000,0x00000000ffb00000,0x00000000ffd80000)
 ParOldGen       total 44032K, used 0K [0x00000000fc000000, 0x00000000feb00000, 0x00000000feb00000)
  object space 44032K, 0% used [0x00000000fc000000,0x00000000fc000000,0x00000000feb00000)
 Metaspace       used 772K, capacity 4480K, committed 4480K, reserved 1056768K
  class space    used 73K, capacity 384K, committed 384K, reserved 1048576K

Card table byte_map: [0x00000000055b0000,0x00000000055e0000] byte_map_base: 0x0000000004dd0000

Marking Bits: (ParMarkBitMap*) 0x0000000076c34970
 Begin Bits: [0x00000000152d0000, 0x00000000153d0000)
 End Bits:   [0x00000000153d0000, 0x00000000154d0000)

Polling page: 0x0000000003420000

CodeCache: size=245760Kb used=328Kb max_used=328Kb free=245431Kb
 bounds [0x00000000056f0000, 0x0000000005960000, 0x00000000146f0000]
 total_blobs=57 nmethods=0 adapters=38
 compilation: enabled

Compilation events (0 events):
No events

GC Heap History (0 events):
No events

Deoptimization events (0 events):
No events

Classes redefined (0 events):
No events

Internal exceptions (0 events):
No events

Events (10 events):
Event: 0.055 loading class java/lang/Short
Event: 0.055 loading class java/lang/Short done
Event: 0.055 loading class java/lang/Integer
Event: 0.055 loading class java/lang/Integer done
Event: 0.055 loading class java/lang/Long
Event: 0.055 loading class java/lang/Long done
Event: 0.056 loading class java/lang/NullPointerException
Event: 0.056 loading class java/lang/NullPointerException done
Event: 0.056 loading class java/lang/ArithmeticException
Event: 0.056 loading class java/lang/ArithmeticException done


Dynamic libraries:
0x00007ff77bb20000 - 0x00007ff77bb51000 	D:\android studio\jre\bin\java.exe
0x00007ffd53570000 - 0x00007ffd53750000 	C:\windows\SYSTEM32\ntdll.dll
0x00007ffd52d10000 - 0x00007ffd52dbe000 	C:\windows\System32\KERNEL32.DLL
0x00007ffd50300000 - 0x00007ffd50566000 	C:\windows\System32\KERNELBASE.dll
0x00007ffd52440000 - 0x00007ffd524e1000 	C:\windows\System32\ADVAPI32.dll
0x00007ffd52330000 - 0x00007ffd523cd000 	C:\windows\System32\msvcrt.dll
0x00007ffd50be0000 - 0x00007ffd50c3b000 	C:\windows\System32\sechost.dll
0x00007ffd52210000 - 0x00007ffd5232f000 	C:\windows\System32\RPCRT4.dll
0x00007ffd50a40000 - 0x00007ffd50bcf000 	C:\windows\System32\USER32.dll
0x00007ffd4f970000 - 0x00007ffd4f990000 	C:\windows\System32\win32u.dll
0x00007ffd52800000 - 0x00007ffd52828000 	C:\windows\System32\GDI32.dll
0x00007ffd50160000 - 0x00007ffd502f3000 	C:\windows\System32\gdi32full.dll
0x00007ffd508f0000 - 0x00007ffd5098b000 	C:\windows\System32\msvcp_win.dll
0x00007ffd50740000 - 0x00007ffd50836000 	C:\windows\System32\ucrtbase.dll
0x00007ffd412b0000 - 0x00007ffd41519000 	C:\windows\WinSxS\amd64_microsoft.windows.common-controls_6595b64144ccf1df_6.0.16299.125_none_15cbcf8893620c09\COMCTL32.dll
0x00007ffd52a00000 - 0x00007ffd52d08000 	C:\windows\System32\combase.dll
0x00007ffd500e0000 - 0x00007ffd50152000 	C:\windows\System32\bcryptPrimitives.dll
0x00007ffd52e70000 - 0x00007ffd52e9d000 	C:\windows\System32\IMM32.DLL
0x00000000739b0000 - 0x0000000073a82000 	D:\android studio\jre\jre\bin\msvcr100.dll
0x0000000076470000 - 0x0000000076caf000 	D:\android studio\jre\jre\bin\server\jvm.dll
0x00007ffd50bd0000 - 0x00007ffd50bd8000 	C:\windows\System32\PSAPI.DLL
0x00007ffd48650000 - 0x00007ffd48659000 	C:\windows\SYSTEM32\WSOCK32.dll
0x00007ffd4dbf0000 - 0x00007ffd4dc13000 	C:\windows\SYSTEM32\WINMM.dll
0x00007ffd523d0000 - 0x00007ffd5243c000 	C:\windows\System32\WS2_32.dll
0x00007ffd4ad20000 - 0x00007ffd4ad2a000 	C:\windows\SYSTEM32\VERSION.dll
0x00007ffd4d8f0000 - 0x00007ffd4d91a000 	C:\windows\SYSTEM32\WINMMBASE.dll
0x00007ffd50840000 - 0x00007ffd5088a000 	C:\windows\System32\cfgmgr32.dll
0x00007ffd48080000 - 0x00007ffd4808f000 	D:\android studio\jre\jre\bin\verify.dll
0x00007ffd36f20000 - 0x00007ffd36f49000 	D:\android studio\jre\jre\bin\java.dll
0x00007ffd369b0000 - 0x00007ffd369c6000 	D:\android studio\jre\jre\bin\zip.dll

VM Arguments:
jvm_args: -Djava.awt.headless=true -Xmx64M -Dfile.encoding=GBK -Duser.country=CN -Duser.language=zh -Duser.variant 
java_command: com.google.devtools.build.android.desugar.Desugar --input D:\Android\Mvp\app\build\intermediates\transforms\stackFramesFixer\debug\4.jar --output D:\Android\Mvp\app\build\intermediates\transforms\desugar\debug\5.jar --input D:\Android\Mvp\app\build\intermediates\transforms\stackFramesFixer\debug\63.jar --output D:\Android\Mvp\app\build\intermediates\transforms\desugar\debug\64.jar --input D:\Android\Mvp\app\build\intermediates\transforms\stackFramesFixer\debug\74.jar --output D:\Android\Mvp\app\build\intermediates\transforms\desugar\debug\75.jar --input D:\Android\Mvp\app\build\intermediates\transforms\stackFramesFixer\debug\93.jar --output D:\Android\Mvp\app\build\intermediates\transforms\desugar\debug\94.jar --input D:\Android\Mvp\app\build\intermediates\transforms\stackFramesFixer\debug\64.jar --output D:\Android\Mvp\app\build\intermediates\transforms\desugar\debug\65.jar --input D:\Android\Mvp\app\build\intermediates\transforms\stackFramesFixer\debug\70.jar --output D:\Android\Mvp\app\build\intermediates\transforms\desugar\debug\71.jar --input D:\Android\Mvp\app\build\intermediates\transforms\stackFramesFixer\debug\72.jar --output D:\Android\Mvp\app\build\intermediates\transforms\desugar\debug\73.jar --input D:\Android\Mvp\app\build\intermediates\transforms\stackFramesFixer\debug\47.jar --output D:\Android\Mvp\app\build\intermediates\transforms\desugar\debug\48.jar --input D:\Android\Mvp\app\build\intermediates\transforms\stackFramesFixer\debug\23.jar --output D:\Android\Mvp\app\build\intermediates\transforms\desugar\debug\24.jar --input D:\Android\Mvp\app\build\intermediates\transforms\stackFramesFixer\debug\48.jar --output D:\Android\Mvp\app\build\intermediates\transforms\desugar\debug\49.jar --input D:\Android\Mvp\app\build\intermediates\transforms\stackFramesFixer\debug\92.jar --output D:\Android\Mvp\app\build\intermediates\transforms\desugar\debug\93.jar --input D:\Android\Mvp\app\build\intermediates\transforms\stackFramesFixer\debug\25.jar 
java_class_path (initial): C:\Users\Administrator\AppData\Local\Temp\desugar_deploy.jar8980177680505161142
Launcher Type: SUN_STANDARD

Environment Variables:
JAVA_HOME=C:\Program Files\Java\jdk1.8.0_161
CLASSPATH=.;C:\Program Files\Java\jdk1.8.0_161\lib;C:\Program Files\Java\jdk1.8.0_161\lib\tools.jar;C:\Program Files\Java\jdk1.8.0_161\lib\dt.jar
PATH=C:\ProgramData\Oracle\Java\javapath;C:\windows\system32;C:\windows;C:\windows\System32\Wbem;C:\windows\System32\WindowsPowerShell\v1.0\;D:\apache-maven-3.5.2\bin;C:\Program Files\MySQL\MySQL Utilities 1.6\;C:\Program Files\Redis\;"C:\Program Files\Java\jdk1.8.0_161\bin;C:\Program Files\Java\jdk1.8.0_161\jre\bin";C:\Program Files\nodejs\;C:\Program Files (x86)\NVIDIA Corporation\PhysX\Common\;C:\Program Files (x86)\Yozosoft\Yozo_Office\Lib\xuggler\bin;D:\gradle-4.9\bin;C:\Users\Administrator\AppData\Local\Microsoft\WindowsApps;C:\Users\Administrator\AppData\Roaming\npm;C:\Program Files\Microsoft VS Code\bin;C:\Users\Administrator\AppData\Local\GitHubDesktop\bin
USERNAME=Administrator
OS=Windows_NT
PROCESSOR_IDENTIFIER=Intel64 Family 6 Model 158 Stepping 9, GenuineIntel



---------------  S Y S T E M  ---------------

OS: Windows 10.0 , 64 bit Build 16299 (10.0.16299.15)

CPU:total 8 (initial active 8) (4 cores per cpu, 2 threads per core) family 6 model 158 stepping 9, cmov, cx8, fxsr, mmx, sse, sse2, sse3, ssse3, sse4.1, sse4.2, popcnt, avx, avx2, aes, clmul, erms, rtm, 3dnowpref, lzcnt, ht, tsc, tscinvbit, bmi1, bmi2, adx

Memory: 4k page, physical 8327076k(265688k free), swap 16715684k(5116k free)

vm_info: OpenJDK 64-Bit Server VM (25.152-b02) for windows-amd64 JRE (1.8.0_152-release-1024-b02), built by "builder" with MS VC++ 10.0 (VS2010)

time: Thu Oct 25 18:55:40 2018
elapsed time: 0 seconds (0d 0h 0m 0s)

